
java -ea -Xmx160804m -cp /opt/conda/opt/bbmap-38.90-3/current/ jgi.SplitPairsAndSingles rp in1=fq_fp1_clmp_fp2_fqscrn/Lle-AHam_013.clmp.fp2_r1.tagged_filter.fastq.gz in2=fq_fp1_clmp_fp2_fqscrn/Lle-AHam_013.clmp.fp2_r2.tagged_filter.fastq.gz out1=fq_fp1_clmp_fp2_fqscrn_rprd/Lle-AHam_013.clmp.fp2_repr.R1.fq.gz out2=fq_fp1_clmp_fp2_fqscrn_rprd/Lle-AHam_013.clmp.fp2_repr.R2.fq.gz outs=fq_fp1_clmp_fp2_fqscrn_rprd/orphans/Lle-AHam_013.clmp.fp2_repr.orph.fq repair
Executing jgi.SplitPairsAndSingles [rp, in1=fq_fp1_clmp_fp2_fqscrn/Lle-AHam_013.clmp.fp2_r1.tagged_filter.fastq.gz, in2=fq_fp1_clmp_fp2_fqscrn/Lle-AHam_013.clmp.fp2_r2.tagged_filter.fastq.gz, out1=fq_fp1_clmp_fp2_fqscrn_rprd/Lle-AHam_013.clmp.fp2_repr.R1.fq.gz, out2=fq_fp1_clmp_fp2_fqscrn_rprd/Lle-AHam_013.clmp.fp2_repr.R2.fq.gz, outs=fq_fp1_clmp_fp2_fqscrn_rprd/orphans/Lle-AHam_013.clmp.fp2_repr.orph.fq, repair]

Set INTERLEAVED to false
Started output stream.

Input:                  	560887 reads 		63913751 bases.
Result:                 	560887 reads (100.00%) 	63913751 bases (100.00%)
Pairs:                  	544308 reads (97.04%) 	62058389 bases (97.10%)
Singletons:             	16579 reads (2.96%) 	1855362 bases (2.90%)

Time:                         	21.979 seconds.
Reads Processed:        560k 	25.52k reads/sec
Bases Processed:      63913k 	2.91m bases/sec
java -ea -Xmx160994m -cp /opt/conda/opt/bbmap-38.90-3/current/ jgi.SplitPairsAndSingles rp in1=fq_fp1_clmp_fp2_fqscrn/Lle-AHam_016.clmp.fp2_r1.tagged_filter.fastq.gz in2=fq_fp1_clmp_fp2_fqscrn/Lle-AHam_016.clmp.fp2_r2.tagged_filter.fastq.gz out1=fq_fp1_clmp_fp2_fqscrn_rprd/Lle-AHam_016.clmp.fp2_repr.R1.fq.gz out2=fq_fp1_clmp_fp2_fqscrn_rprd/Lle-AHam_016.clmp.fp2_repr.R2.fq.gz outs=fq_fp1_clmp_fp2_fqscrn_rprd/orphans/Lle-AHam_016.clmp.fp2_repr.orph.fq repair
Executing jgi.SplitPairsAndSingles [rp, in1=fq_fp1_clmp_fp2_fqscrn/Lle-AHam_016.clmp.fp2_r1.tagged_filter.fastq.gz, in2=fq_fp1_clmp_fp2_fqscrn/Lle-AHam_016.clmp.fp2_r2.tagged_filter.fastq.gz, out1=fq_fp1_clmp_fp2_fqscrn_rprd/Lle-AHam_016.clmp.fp2_repr.R1.fq.gz, out2=fq_fp1_clmp_fp2_fqscrn_rprd/Lle-AHam_016.clmp.fp2_repr.R2.fq.gz, outs=fq_fp1_clmp_fp2_fqscrn_rprd/orphans/Lle-AHam_016.clmp.fp2_repr.orph.fq, repair]

Set INTERLEAVED to false
Started output stream.

Input:                  	2067225 reads 		244911415 bases.
Result:                 	2067225 reads (100.00%) 	244911415 bases (100.00%)
Pairs:                  	1991438 reads (96.33%) 	236359662 bases (96.51%)
Singletons:             	75787 reads (3.67%) 	8551753 bases (3.49%)

Time:                         	57.547 seconds.
Reads Processed:       2067k 	35.92k reads/sec
Bases Processed:        244m 	4.26m bases/sec
java -ea -Xmx110378m -cp /opt/conda/opt/bbmap-38.90-3/current/ jgi.SplitPairsAndSingles rp in1=fq_fp1_clmp_fp2_fqscrn/Lle-CNas_005.clmp.fp2_r1.tagged_filter.fastq.gz in2=fq_fp1_clmp_fp2_fqscrn/Lle-CNas_005.clmp.fp2_r2.tagged_filter.fastq.gz out1=fq_fp1_clmp_fp2_fqscrn_rprd/Lle-CNas_005.clmp.fp2_repr.R1.fq.gz out2=fq_fp1_clmp_fp2_fqscrn_rprd/Lle-CNas_005.clmp.fp2_repr.R2.fq.gz outs=fq_fp1_clmp_fp2_fqscrn_rprd/orphans/Lle-CNas_005.clmp.fp2_repr.orph.fq repair
Executing jgi.SplitPairsAndSingles [rp, in1=fq_fp1_clmp_fp2_fqscrn/Lle-CNas_005.clmp.fp2_r1.tagged_filter.fastq.gz, in2=fq_fp1_clmp_fp2_fqscrn/Lle-CNas_005.clmp.fp2_r2.tagged_filter.fastq.gz, out1=fq_fp1_clmp_fp2_fqscrn_rprd/Lle-CNas_005.clmp.fp2_repr.R1.fq.gz, out2=fq_fp1_clmp_fp2_fqscrn_rprd/Lle-CNas_005.clmp.fp2_repr.R2.fq.gz, outs=fq_fp1_clmp_fp2_fqscrn_rprd/orphans/Lle-CNas_005.clmp.fp2_repr.orph.fq, repair]

Set INTERLEAVED to false
Started output stream.

Input:                  	2588401 reads 		346964392 bases.
Result:                 	2588401 reads (100.00%) 	346964392 bases (100.00%)
Pairs:                  	2521728 reads (97.42%) 	338069324 bases (97.44%)
Singletons:             	66673 reads (2.58%) 	8895068 bases (2.56%)

Time:                         	69.246 seconds.
Reads Processed:       2588k 	37.38k reads/sec
Bases Processed:        346m 	5.01m bases/sec
slurmstepd: error: *** JOB 1184466 ON e3-w6420b-24 CANCELLED AT 2022-12-08T10:11:57 ***
