****                   ADMIXTURE Version 1.3.0                  ****
****                    Copyright 2008-2015                     ****
****           David Alexander, Suyash Shringarpure,            ****
****                John  Novembre, Ken Lange                   ****
****                                                            ****
****                 Please cite our paper!                     ****
****   Information at www.genetics.ucla.edu/software/admixture  ****

Cross-validation will be performed.  Folds=5.
Random seed: 43
Point estimation method: Block relaxation algorithm
Convergence acceleration algorithm: QuasiNewton, 3 secant conditions
Point estimation will terminate when objective function delta < 0.0001
Estimation of standard errors disabled; will compute point estimates only.
Size of G: 125x81564
Performing five EM steps to prime main algorithm
1 (EM) 	Elapsed: 0.594	Loglikelihood: -4.97532e+06	(delta): 9.8968e+06
2 (EM) 	Elapsed: 0.599	Loglikelihood: -4.68694e+06	(delta): 288382
3 (EM) 	Elapsed: 0.617	Loglikelihood: -4.61923e+06	(delta): 67705.8
4 (EM) 	Elapsed: 0.596	Loglikelihood: -4.57381e+06	(delta): 45425.5
5 (EM) 	Elapsed: 0.59	Loglikelihood: -4.53223e+06	(delta): 41583.7
Initial loglikelihood: -4.53223e+06
Starting main algorithm
1 (QN/Block) 	Elapsed: 1.651	Loglikelihood: -3.8811e+06	(delta): 651129
2 (QN/Block) 	Elapsed: 1.643	Loglikelihood: -3.784e+06	(delta): 97092.3
3 (QN/Block) 	Elapsed: 1.827	Loglikelihood: -3.73873e+06	(delta): 45271.3
4 (QN/Block) 	Elapsed: 2.066	Loglikelihood: -3.71545e+06	(delta): 23285
5 (QN/Block) 	Elapsed: 1.856	Loglikelihood: -3.70194e+06	(delta): 13508.2
6 (QN/Block) 	Elapsed: 1.826	Loglikelihood: -3.69594e+06	(delta): 6001.11
7 (QN/Block) 	Elapsed: 1.824	Loglikelihood: -3.69422e+06	(delta): 1713.88
8 (QN/Block) 	Elapsed: 1.823	Loglikelihood: -3.69331e+06	(delta): 916.6
9 (QN/Block) 	Elapsed: 1.816	Loglikelihood: -3.69282e+06	(delta): 485.135
10 (QN/Block) 	Elapsed: 1.84	Loglikelihood: -3.69242e+06	(delta): 402.893
11 (QN/Block) 	Elapsed: 1.82	Loglikelihood: -3.69201e+06	(delta): 408.496
12 (QN/Block) 	Elapsed: 2.064	Loglikelihood: -3.69161e+06	(delta): 401.01
13 (QN/Block) 	Elapsed: 1.819	Loglikelihood: -3.69122e+06	(delta): 389.384
14 (QN/Block) 	Elapsed: 1.816	Loglikelihood: -3.69108e+06	(delta): 146.152
15 (QN/Block) 	Elapsed: 1.827	Loglikelihood: -3.69097e+06	(delta): 107.597
16 (QN/Block) 	Elapsed: 1.814	Loglikelihood: -3.69081e+06	(delta): 161.447
17 (QN/Block) 	Elapsed: 1.819	Loglikelihood: -3.69064e+06	(delta): 163.826
18 (QN/Block) 	Elapsed: 1.824	Loglikelihood: -3.69055e+06	(delta): 91.0571
19 (QN/Block) 	Elapsed: 1.822	Loglikelihood: -3.69041e+06	(delta): 140.556
20 (QN/Block) 	Elapsed: 1.823	Loglikelihood: -3.69024e+06	(delta): 172.564
21 (QN/Block) 	Elapsed: 1.926	Loglikelihood: -3.69012e+06	(delta): 117.676
22 (QN/Block) 	Elapsed: 2.056	Loglikelihood: -3.69001e+06	(delta): 115.002
23 (QN/Block) 	Elapsed: 1.91	Loglikelihood: -3.68995e+06	(delta): 54.8334
24 (QN/Block) 	Elapsed: 1.904	Loglikelihood: -3.68985e+06	(delta): 102.902
25 (QN/Block) 	Elapsed: 2.085	Loglikelihood: -3.68974e+06	(delta): 110.237
26 (QN/Block) 	Elapsed: 1.904	Loglikelihood: -3.68969e+06	(delta): 47.5271
27 (QN/Block) 	Elapsed: 1.816	Loglikelihood: -3.68966e+06	(delta): 32.9729
28 (QN/Block) 	Elapsed: 1.829	Loglikelihood: -3.68964e+06	(delta): 19.1058
29 (QN/Block) 	Elapsed: 1.833	Loglikelihood: -3.68964e+06	(delta): 2.56094
30 (QN/Block) 	Elapsed: 1.818	Loglikelihood: -3.68963e+06	(delta): 1.77051
31 (QN/Block) 	Elapsed: 1.855	Loglikelihood: -3.68963e+06	(delta): 2.19946
32 (QN/Block) 	Elapsed: 1.816	Loglikelihood: -3.68962e+06	(delta): 7.36234
33 (QN/Block) 	Elapsed: 1.9	Loglikelihood: -3.68961e+06	(delta): 14.4543
34 (QN/Block) 	Elapsed: 1.814	Loglikelihood: -3.68958e+06	(delta): 24.8849
35 (QN/Block) 	Elapsed: 1.814	Loglikelihood: -3.68955e+06	(delta): 36.0791
36 (QN/Block) 	Elapsed: 1.919	Loglikelihood: -3.68949e+06	(delta): 61.3898
37 (QN/Block) 	Elapsed: 2.048	Loglikelihood: -3.68946e+06	(delta): 29.0491
38 (QN/Block) 	Elapsed: 2.052	Loglikelihood: -3.68944e+06	(delta): 22.9191
39 (QN/Block) 	Elapsed: 2.05	Loglikelihood: -3.68942e+06	(delta): 19.5509
40 (QN/Block) 	Elapsed: 2.06	Loglikelihood: -3.68937e+06	(delta): 44.028
41 (QN/Block) 	Elapsed: 2.074	Loglikelihood: -3.68932e+06	(delta): 49.1748
42 (QN/Block) 	Elapsed: 2.064	Loglikelihood: -3.6893e+06	(delta): 18.3883
43 (QN/Block) 	Elapsed: 2.064	Loglikelihood: -3.68925e+06	(delta): 57.9924
44 (QN/Block) 	Elapsed: 1.976	Loglikelihood: -3.68921e+06	(delta): 38.7202
45 (QN/Block) 	Elapsed: 2.068	Loglikelihood: -3.68916e+06	(delta): 47.2639
46 (QN/Block) 	Elapsed: 2.058	Loglikelihood: -3.68907e+06	(delta): 89.943
47 (QN/Block) 	Elapsed: 2.055	Loglikelihood: -3.68901e+06	(delta): 62.8738
48 (QN/Block) 	Elapsed: 1.821	Loglikelihood: -3.689e+06	(delta): 8.56759
49 (QN/Block) 	Elapsed: 2.06	Loglikelihood: -3.68899e+06	(delta): 5.59748
50 (QN/Block) 	Elapsed: 2.074	Loglikelihood: -3.68898e+06	(delta): 13.2942
51 (QN/Block) 	Elapsed: 2.066	Loglikelihood: -3.68894e+06	(delta): 42.7129
52 (QN/Block) 	Elapsed: 2.065	Loglikelihood: -3.6889e+06	(delta): 34.3531
53 (QN/Block) 	Elapsed: 2.063	Loglikelihood: -3.68889e+06	(delta): 11.2522
54 (QN/Block) 	Elapsed: 2.048	Loglikelihood: -3.68886e+06	(delta): 33.6833
55 (QN/Block) 	Elapsed: 2.065	Loglikelihood: -3.68885e+06	(delta): 10.6111
56 (QN/Block) 	Elapsed: 1.975	Loglikelihood: -3.68885e+06	(delta): 0.128563
57 (QN/Block) 	Elapsed: 2.06	Loglikelihood: -3.68885e+06	(delta): 0.036884
58 (QN/Block) 	Elapsed: 1.829	Loglikelihood: -3.68885e+06	(delta): 0.0189618
59 (QN/Block) 	Elapsed: 1.816	Loglikelihood: -3.68885e+06	(delta): 0.00571932
60 (QN/Block) 	Elapsed: 1.822	Loglikelihood: -3.68885e+06	(delta): 0.00202166
61 (QN/Block) 	Elapsed: 2.06	Loglikelihood: -3.68885e+06	(delta): 0.000191749
62 (QN/Block) 	Elapsed: 1.824	Loglikelihood: -3.68885e+06	(delta): 6.73677e-05
Summary: 
Converged in 62 iterations (127.743 sec)
Loglikelihood: -3688846.838911
Fst divergences between estimated populations: 
	Pop0	Pop1	Pop2	
Pop0	
Pop1	0.022	
Pop2	0.470	0.473	
Pop3	0.022	0.021	0.471	
CV error (K=4): 0.29909
Writing output files.
