****                   ADMIXTURE Version 1.3.0                  ****
****                    Copyright 2008-2015                     ****
****           David Alexander, Suyash Shringarpure,            ****
****                John  Novembre, Ken Lange                   ****
****                                                            ****
****                 Please cite our paper!                     ****
****   Information at www.genetics.ucla.edu/software/admixture  ****

Cross-validation will be performed.  Folds=5.
Random seed: 43
Point estimation method: Block relaxation algorithm
Convergence acceleration algorithm: QuasiNewton, 3 secant conditions
Point estimation will terminate when objective function delta < 0.0001
Estimation of standard errors disabled; will compute point estimates only.
Size of G: 125x81564
Performing five EM steps to prime main algorithm
1 (EM) 	Elapsed: 0.752	Loglikelihood: -4.99715e+06	(delta): 9.51047e+06
2 (EM) 	Elapsed: 0.75	Loglikelihood: -4.69489e+06	(delta): 302255
3 (EM) 	Elapsed: 0.75	Loglikelihood: -4.6321e+06	(delta): 62790.8
4 (EM) 	Elapsed: 0.753	Loglikelihood: -4.5928e+06	(delta): 39297.4
5 (EM) 	Elapsed: 0.755	Loglikelihood: -4.5598e+06	(delta): 33004.7
Initial loglikelihood: -4.5598e+06
Starting main algorithm
1 (QN/Block) 	Elapsed: 2.155	Loglikelihood: -3.95584e+06	(delta): 603955
2 (QN/Block) 	Elapsed: 2.148	Loglikelihood: -3.79551e+06	(delta): 160338
3 (QN/Block) 	Elapsed: 2.339	Loglikelihood: -3.73727e+06	(delta): 58232.9
4 (QN/Block) 	Elapsed: 2.62	Loglikelihood: -3.7061e+06	(delta): 31174.6
5 (QN/Block) 	Elapsed: 2.61	Loglikelihood: -3.69089e+06	(delta): 15204
6 (QN/Block) 	Elapsed: 2.345	Loglikelihood: -3.68352e+06	(delta): 7370.43
7 (QN/Block) 	Elapsed: 2.619	Loglikelihood: -3.68083e+06	(delta): 2694.52
8 (QN/Block) 	Elapsed: 2.349	Loglikelihood: -3.67958e+06	(delta): 1246.38
9 (QN/Block) 	Elapsed: 2.342	Loglikelihood: -3.67895e+06	(delta): 633.035
10 (QN/Block) 	Elapsed: 2.353	Loglikelihood: -3.67859e+06	(delta): 356.439
11 (QN/Block) 	Elapsed: 2.342	Loglikelihood: -3.67832e+06	(delta): 269.979
12 (QN/Block) 	Elapsed: 2.36	Loglikelihood: -3.67802e+06	(delta): 304.288
13 (QN/Block) 	Elapsed: 2.334	Loglikelihood: -3.67779e+06	(delta): 229.863
14 (QN/Block) 	Elapsed: 2.346	Loglikelihood: -3.6775e+06	(delta): 287.231
15 (QN/Block) 	Elapsed: 2.344	Loglikelihood: -3.67724e+06	(delta): 264.366
16 (QN/Block) 	Elapsed: 2.632	Loglikelihood: -3.67707e+06	(delta): 164.223
17 (QN/Block) 	Elapsed: 2.434	Loglikelihood: -3.6769e+06	(delta): 173.849
18 (QN/Block) 	Elapsed: 2.621	Loglikelihood: -3.67669e+06	(delta): 207.333
19 (QN/Block) 	Elapsed: 2.61	Loglikelihood: -3.67646e+06	(delta): 228.654
20 (QN/Block) 	Elapsed: 2.354	Loglikelihood: -3.67644e+06	(delta): 26.9432
21 (QN/Block) 	Elapsed: 2.619	Loglikelihood: -3.67641e+06	(delta): 28.6694
22 (QN/Block) 	Elapsed: 2.62	Loglikelihood: -3.67638e+06	(delta): 33.5099
23 (QN/Block) 	Elapsed: 2.618	Loglikelihood: -3.67634e+06	(delta): 31.6594
24 (QN/Block) 	Elapsed: 2.632	Loglikelihood: -3.67633e+06	(delta): 16.8605
25 (QN/Block) 	Elapsed: 2.615	Loglikelihood: -3.67631e+06	(delta): 15.7843
26 (QN/Block) 	Elapsed: 2.615	Loglikelihood: -3.67627e+06	(delta): 40.267
27 (QN/Block) 	Elapsed: 2.613	Loglikelihood: -3.67621e+06	(delta): 63.3744
28 (QN/Block) 	Elapsed: 2.616	Loglikelihood: -3.67617e+06	(delta): 41.3666
29 (QN/Block) 	Elapsed: 2.443	Loglikelihood: -3.67616e+06	(delta): 2.71545
30 (QN/Block) 	Elapsed: 2.606	Loglikelihood: -3.67616e+06	(delta): 5.0694
31 (QN/Block) 	Elapsed: 2.607	Loglikelihood: -3.67615e+06	(delta): 10.5414
32 (QN/Block) 	Elapsed: 2.598	Loglikelihood: -3.67611e+06	(delta): 36.6985
33 (QN/Block) 	Elapsed: 2.622	Loglikelihood: -3.67609e+06	(delta): 20.1488
34 (QN/Block) 	Elapsed: 2.596	Loglikelihood: -3.67608e+06	(delta): 13.5364
35 (QN/Block) 	Elapsed: 2.609	Loglikelihood: -3.67607e+06	(delta): 6.36356
36 (QN/Block) 	Elapsed: 2.425	Loglikelihood: -3.67607e+06	(delta): 3.20207
37 (QN/Block) 	Elapsed: 2.336	Loglikelihood: -3.67606e+06	(delta): 3.83342
38 (QN/Block) 	Elapsed: 2.605	Loglikelihood: -3.67606e+06	(delta): 1.39312
39 (QN/Block) 	Elapsed: 2.334	Loglikelihood: -3.67606e+06	(delta): 1.24774
40 (QN/Block) 	Elapsed: 2.332	Loglikelihood: -3.67606e+06	(delta): 1.38448
41 (QN/Block) 	Elapsed: 2.342	Loglikelihood: -3.67606e+06	(delta): 2.98287
42 (QN/Block) 	Elapsed: 2.333	Loglikelihood: -3.67605e+06	(delta): 7.23668
43 (QN/Block) 	Elapsed: 2.336	Loglikelihood: -3.67603e+06	(delta): 23.9177
44 (QN/Block) 	Elapsed: 2.591	Loglikelihood: -3.67596e+06	(delta): 67.6685
45 (QN/Block) 	Elapsed: 2.613	Loglikelihood: -3.67594e+06	(delta): 13.8809
46 (QN/Block) 	Elapsed: 2.604	Loglikelihood: -3.67594e+06	(delta): 0.181077
47 (QN/Block) 	Elapsed: 2.34	Loglikelihood: -3.67594e+06	(delta): 0.0228822
48 (QN/Block) 	Elapsed: 2.335	Loglikelihood: -3.67594e+06	(delta): 0.0452033
49 (QN/Block) 	Elapsed: 2.335	Loglikelihood: -3.67594e+06	(delta): 0.0456128
50 (QN/Block) 	Elapsed: 2.362	Loglikelihood: -3.67594e+06	(delta): 0.0432244
51 (QN/Block) 	Elapsed: 2.388	Loglikelihood: -3.67594e+06	(delta): 0.0333734
52 (QN/Block) 	Elapsed: 2.639	Loglikelihood: -3.67594e+06	(delta): 0.0334792
53 (QN/Block) 	Elapsed: 2.612	Loglikelihood: -3.67594e+06	(delta): 0.0574312
54 (QN/Block) 	Elapsed: 2.599	Loglikelihood: -3.67594e+06	(delta): 0.106097
55 (QN/Block) 	Elapsed: 2.626	Loglikelihood: -3.67594e+06	(delta): 0.210132
56 (QN/Block) 	Elapsed: 2.599	Loglikelihood: -3.67594e+06	(delta): 0.47871
57 (QN/Block) 	Elapsed: 2.613	Loglikelihood: -3.67594e+06	(delta): 1.16919
58 (QN/Block) 	Elapsed: 2.626	Loglikelihood: -3.67594e+06	(delta): 3.30569
59 (QN/Block) 	Elapsed: 2.618	Loglikelihood: -3.67593e+06	(delta): 5.97902
60 (QN/Block) 	Elapsed: 2.422	Loglikelihood: -3.67593e+06	(delta): 0.0938356
61 (QN/Block) 	Elapsed: 2.6	Loglikelihood: -3.67593e+06	(delta): 0.0168297
62 (QN/Block) 	Elapsed: 2.356	Loglikelihood: -3.67593e+06	(delta): 0.00318528
63 (QN/Block) 	Elapsed: 2.322	Loglikelihood: -3.67593e+06	(delta): 0.000165334
64 (QN/Block) 	Elapsed: 2.339	Loglikelihood: -3.67593e+06	(delta): 4.50481e-06
Summary: 
Converged in 64 iterations (169.208 sec)
Loglikelihood: -3675932.120527
Fst divergences between estimated populations: 
	Pop0	Pop1	Pop2	Pop3	
Pop0	
Pop1	0.476	
Pop2	0.020	0.473	
Pop3	0.476	0.177	0.473	
Pop4	0.018	0.476	0.020	0.476	
CV error (K=5): 0.31035
Writing output files.
