****                   ADMIXTURE Version 1.3.0                  ****
****                    Copyright 2008-2015                     ****
****           David Alexander, Suyash Shringarpure,            ****
****                John  Novembre, Ken Lange                   ****
****                                                            ****
****                 Please cite our paper!                     ****
****   Information at www.genetics.ucla.edu/software/admixture  ****

Cross-validation will be performed.  Folds=5.
Random seed: 43
Point estimation method: Block relaxation algorithm
Convergence acceleration algorithm: QuasiNewton, 3 secant conditions
Point estimation will terminate when objective function delta < 0.0001
Estimation of standard errors disabled; will compute point estimates only.
Size of G: 125x81564
Performing five EM steps to prime main algorithm
1 (EM) 	Elapsed: 0.332	Loglikelihood: -4.84878e+06	(delta): 1.16749e+07
2 (EM) 	Elapsed: 0.331	Loglikelihood: -4.66609e+06	(delta): 182686
3 (EM) 	Elapsed: 0.331	Loglikelihood: -4.62726e+06	(delta): 38836.8
4 (EM) 	Elapsed: 0.332	Loglikelihood: -4.60889e+06	(delta): 18363.5
5 (EM) 	Elapsed: 0.33	Loglikelihood: -4.59849e+06	(delta): 10406.3
Initial loglikelihood: -4.59849e+06
Starting main algorithm
1 (QN/Block) 	Elapsed: 0.85	Loglikelihood: -4.18595e+06	(delta): 412542
2 (QN/Block) 	Elapsed: 0.848	Loglikelihood: -3.95467e+06	(delta): 231278
3 (QN/Block) 	Elapsed: 1.002	Loglikelihood: -3.85156e+06	(delta): 103104
4 (QN/Block) 	Elapsed: 1.129	Loglikelihood: -3.80975e+06	(delta): 41814.6
5 (QN/Block) 	Elapsed: 1.201	Loglikelihood: -3.78976e+06	(delta): 19992.8
6 (QN/Block) 	Elapsed: 1.201	Loglikelihood: -3.78307e+06	(delta): 6681.71
7 (QN/Block) 	Elapsed: 1.003	Loglikelihood: -3.78081e+06	(delta): 2266.7
8 (QN/Block) 	Elapsed: 1.203	Loglikelihood: -3.78005e+06	(delta): 760.89
9 (QN/Block) 	Elapsed: 0.992	Loglikelihood: -3.77986e+06	(delta): 183.089
10 (QN/Block) 	Elapsed: 1.204	Loglikelihood: -3.77986e+06	(delta): 4.77273
11 (QN/Block) 	Elapsed: 0.995	Loglikelihood: -3.77986e+06	(delta): 2.12067
12 (QN/Block) 	Elapsed: 1.201	Loglikelihood: -3.77986e+06	(delta): 0.667643
13 (QN/Block) 	Elapsed: 1.13	Loglikelihood: -3.77986e+06	(delta): 0.0232855
14 (QN/Block) 	Elapsed: 1.061	Loglikelihood: -3.77986e+06	(delta): 1.20606e-07
Summary: 
Converged in 14 iterations (18.221 sec)
Loglikelihood: -3779856.075664
Fst divergences between estimated populations: 
	Pop0	
Pop0	
Pop1	0.468	
CV error (K=2): 0.25972
Writing output files.
